[----] Criterion v2.3.3
[====] Running 30 tests from sf_memsuite_grading:
[RUN ] sf_memsuite_grading::free_block_too_small
[PASS] sf_memsuite_grading::free_block_too_small: (0.00s)
[RUN ] sf_memsuite_grading::free_null
[PASS] sf_memsuite_grading::free_null: (0.00s)
[RUN ] sf_memsuite_grading::free_prev_alloc
[----] tests/grading_tests.c:1090: Assertion failed: SIGABRT should have been received
[FAIL] sf_memsuite_grading::free_prev_alloc: (0.00s)
[RUN ] sf_memsuite_grading::free_unallocated
[PASS] sf_memsuite_grading::free_unallocated: (0.00s)
[RUN ] sf_memsuite_grading::initialization
[----] tests/grading_tests.c:122: Assertion failed: Free block at 0x7f0a29ce0058 is not contained in the free list
[FAIL] sf_memsuite_grading::initialization: (0.00s)
[RUN ] sf_memsuite_grading::malloc_free_coalesce_both
[----] tests/grading_tests.c:122: Assertion failed: Free block at 0x7fe2ce1855e8 is not contained in the free list
[FAIL] sf_memsuite_grading::malloc_free_coalesce_both: (0.00s)
[RUN ] sf_memsuite_grading::malloc_free_coalesce_lower
[----] tests/grading_tests.c:105: Assertion failed: Prev allocated bit is not correctly set for 0x7f18df4f4108. Should be: 1
[FAIL] sf_memsuite_grading::malloc_free_coalesce_lower: (0.00s)
[RUN ] sf_memsuite_grading::malloc_free_coalesce_upper
[----] tests/grading_tests.c:122: Assertion failed: Free block at 0x7f3586d535e8 is not contained in the free list
[FAIL] sf_memsuite_grading::malloc_free_coalesce_upper: (0.00s)
[RUN ] sf_memsuite_grading::malloc_free_first_block
[----] tests/grading_tests.c:122: Assertion failed: Free block at 0x7f056a64f248 is not contained in the free list
[FAIL] sf_memsuite_grading::malloc_free_first_block: (0.00s)
[RUN ] sf_memsuite_grading::malloc_free_last_block
[----] tests/grading_tests.c:122: Assertion failed: Free block at 0x7f9a94b0d108 is not contained in the free list
[FAIL] sf_memsuite_grading::malloc_free_last_block: (0.00s)
[RUN ] sf_memsuite_grading::malloc_free_lifo
[PASS] sf_memsuite_grading::malloc_free_lifo: (0.00s)
[RUN ] sf_memsuite_grading::malloc_free_no_coalesce
[----] tests/grading_tests.c:122: Assertion failed: Free block at 0x7fd4c49133e8 is not contained in the free list
[FAIL] sf_memsuite_grading::malloc_free_no_coalesce: (0.00s)
[RUN ] sf_memsuite_grading::malloc_to_exhaustion
[----] tests/grading_tests.c:105: Assertion failed: Prev allocated bit is not correctly set for 0x7f59d6919ff8. Should be: 1
[FAIL] sf_memsuite_grading::malloc_to_exhaustion: (0.00s)
[RUN ] sf_memsuite_grading::malloc_with_splinter
[----] tests/grading_tests.c:164: Assertion failed: Block 0x7f8272516038 has wrong block_size (got 8128, expected 8144)
[FAIL] sf_memsuite_grading::malloc_with_splinter: (0.00s)
[RUN ] sf_memsuite_grading::realloc_larger
[PASS] sf_memsuite_grading::realloc_larger: (0.00s)
[RUN ] sf_memsuite_grading::realloc_same
[PASS] sf_memsuite_grading::realloc_same: (0.00s)
[RUN ] sf_memsuite_grading::realloc_size_0
[PASS] sf_memsuite_grading::realloc_size_0: (0.00s)
[RUN ] sf_memsuite_grading::realloc_smaller
[PASS] sf_memsuite_grading::realloc_smaller: (0.00s)
[RUN ] sf_memsuite_grading::realloc_splinter
[PASS] sf_memsuite_grading::realloc_splinter: (0.00s)
[RUN ] sf_memsuite_grading::sf_memalign_test_1
[PASS] sf_memsuite_grading::sf_memalign_test_1: (0.00s)
[RUN ] sf_memsuite_grading::sf_memalign_test_2
Free lists:
[0x55bb8acf6a60]: 
[0x55bb8acf6a78]: 
[0x55bb8acf6a90]: 
[0x55bb8acf6aa8]: 
[0x55bb8acf6ac0]: 
[0x55bb8acf6ad8]: 
[0x55bb8acf6af0]: 
    0x7f0495b53068: [FREE BLK][sz:     8096, al: 0, pal: 1][prev:0x55bb8acf6af0, next:0x55bb8acf6af0]
[0x55bb8acf6b08]: 
[PASS] sf_memsuite_grading::sf_memalign_test_2: (0.00s)
[RUN ] sf_memsuite_grading::sf_memalign_test_3
Free lists:
[0x563b88845a60]: 
[0x563b88845a78]: 
    0x7f7c01680038: [FREE BLK][sz:       64, al: 0, pal: 0][prev:0x563b88845a78, next:0x563b88845a78]
[0x563b88845a90]: 
[0x563b88845aa8]: 
[0x563b88845ac0]: 
[0x563b88845ad8]: 
[0x563b88845af0]: 
    0x7f7c01680108: [FREE BLK][sz:     7936, al: 0, pal: 1][prev:0x563b88845af0, next:0x563b88845af0]
[0x563b88845b08]: 
[----] tests/grading_tests.c:122: Assertion failed: Free block at 0x7f7c01680108 is not contained in the free list
[FAIL] sf_memsuite_grading::sf_memalign_test_3: (0.00s)
[RUN ] sf_memsuite_grading::single_malloc_1
[----] tests/grading_tests.c:122: Assertion failed: Free block at 0x7fd0e6bf1058 is not contained in the free list
[FAIL] sf_memsuite_grading::single_malloc_1: (0.00s)
[RUN ] sf_memsuite_grading::single_malloc_16
[----] tests/grading_tests.c:122: Assertion failed: Free block at 0x7f14afcba058 is not contained in the free list
[FAIL] sf_memsuite_grading::single_malloc_16: (0.00s)
[RUN ] sf_memsuite_grading::single_malloc_32
[----] tests/grading_tests.c:122: Assertion failed: Free block at 0x7f43065e2068 is not contained in the free list
[FAIL] sf_memsuite_grading::single_malloc_32: (0.00s)
[RUN ] sf_memsuite_grading::single_malloc_exactly_one_page_needed
[PASS] sf_memsuite_grading::single_malloc_exactly_one_page_needed: (0.00s)
[RUN ] sf_memsuite_grading::single_malloc_max
[----] tests/grading_tests.c:122: Assertion failed: Free block at 0x7f308c2cf038 is not contained in the free list
[FAIL] sf_memsuite_grading::single_malloc_max: (0.00s)
[RUN ] sf_memsuite_grading::single_malloc_more_than_one_page_needed
[----] tests/grading_tests.c:122: Assertion failed: Free block at 0x7fad71f12038 is not contained in the free list
[FAIL] sf_memsuite_grading::single_malloc_more_than_one_page_needed: (0.00s)
[RUN ] sf_memsuite_grading::single_malloc_three_pages_needed
[----] tests/grading_tests.c:122: Assertion failed: Free block at 0x7f1f16232e08 is not contained in the free list
[FAIL] sf_memsuite_grading::single_malloc_three_pages_needed: (0.00s)
[RUN ] sf_memsuite_grading::stress_test
[----] tests/grading_tests.c:122: Assertion failed: Free block at 0x7fbd9b286038 is not contained in the free list
[FAIL] sf_memsuite_grading::stress_test: (0.00s)
[====] Running 9 tests from sfmm_basecode_suite:
[RUN ] sfmm_basecode_suite::free_coalesce
[PASS] sfmm_basecode_suite::free_coalesce: (0.00s)
[RUN ] sfmm_basecode_suite::free_no_coalesce
[PASS] sfmm_basecode_suite::free_no_coalesce: (0.00s)
[RUN ] sfmm_basecode_suite::freelist
[PASS] sfmm_basecode_suite::freelist: (0.00s)
[RUN ] sfmm_basecode_suite::malloc_an_int
[PASS] sfmm_basecode_suite::malloc_an_int: (0.00s)
[RUN ] sfmm_basecode_suite::malloc_four_pages
[PASS] sfmm_basecode_suite::malloc_four_pages: (0.00s)
[RUN ] sfmm_basecode_suite::malloc_too_large
[PASS] sfmm_basecode_suite::malloc_too_large: (0.00s)
[RUN ] sfmm_basecode_suite::realloc_larger_block
[PASS] sfmm_basecode_suite::realloc_larger_block: (0.00s)
[RUN ] sfmm_basecode_suite::realloc_smaller_block_free_block
[PASS] sfmm_basecode_suite::realloc_smaller_block_free_block: (0.00s)
[RUN ] sfmm_basecode_suite::realloc_smaller_block_splinter
[PASS] sfmm_basecode_suite::realloc_smaller_block_splinter: (0.00s)
[----] Writing xml report in `crit.xml`.
[====] Synthesis: Tested: 39 | Passing: 21 | Failing: 18 | Crashing: 0 
