[----] Criterion v2.3.3
[====] Running 1 test from basecode_tests_suite:
[RUN ] basecode_tests_suite::birp_basic_test
[PASS] basecode_tests_suite::birp_basic_test: (0.06s)
[====] Running 1 test from black_box_tests:
[RUN ] black_box_tests::birp_to_pgm_cat
[PASS] black_box_tests::birp_to_pgm_cat: (3.94s)
[====] Running 20 tests from blackbox_tests:
[RUN ] blackbox_tests::BWHoriz_to_ASCII
[PASS] blackbox_tests::BWHoriz_to_ASCII: (0.24s)
[RUN ] blackbox_tests::BWHoriz_to_Birp
[PASS] blackbox_tests::BWHoriz_to_Birp: (0.05s)
[RUN ] blackbox_tests::BWHoriz_to_PGM
[PASS] blackbox_tests::BWHoriz_to_PGM: (0.14s)
[RUN ] blackbox_tests::BWVert_to_ASCII
[PASS] blackbox_tests::BWVert_to_ASCII: (0.24s)
[RUN ] blackbox_tests::BWVert_to_Birp
[PASS] blackbox_tests::BWVert_to_Birp: (0.05s)
[RUN ] blackbox_tests::BWVert_to_PGM
[PASS] blackbox_tests::BWVert_to_PGM: (0.10s)
[RUN ] blackbox_tests::allBlack_to_ASCII
[PASS] blackbox_tests::allBlack_to_ASCII: (0.05s)
[RUN ] blackbox_tests::allBlack_to_birp
[PASS] blackbox_tests::allBlack_to_birp: (0.05s)
[RUN ] blackbox_tests::allBlack_to_pgm
[PASS] blackbox_tests::allBlack_to_pgm: (0.05s)
[RUN ] blackbox_tests::allWhite_to_ASCII
[PASS] blackbox_tests::allWhite_to_ASCII: (0.11s)
[RUN ] blackbox_tests::allWhite_to_birp
[PASS] blackbox_tests::allWhite_to_birp: (0.01s)
[RUN ] blackbox_tests::allWhite_to_pgm
[PASS] blackbox_tests::allWhite_to_pgm: (0.06s)
[RUN ] blackbox_tests::birp_2_pgm1
[PASS] blackbox_tests::birp_2_pgm1: (0.01s)
[RUN ] blackbox_tests::birp_2_pgm_2
[PASS] blackbox_tests::birp_2_pgm_2: (0.04s)
[RUN ] blackbox_tests::birp_2_pgm_3
[PASS] blackbox_tests::birp_2_pgm_3: (0.15s)
[RUN ] blackbox_tests::birp_to_birp_1
[PASS] blackbox_tests::birp_to_birp_1: (0.05s)
[RUN ] blackbox_tests::birp_to_birp_2
[PASS] blackbox_tests::birp_to_birp_2: (0.05s)
[RUN ] blackbox_tests::both_to_ascii
[PASS] blackbox_tests::both_to_ascii: (0.35s)
[RUN ] blackbox_tests::pgm_2_birp1
[PASS] blackbox_tests::pgm_2_birp1: (0.05s)
[RUN ] blackbox_tests::pgm_2_birp_cat
[FAIL] blackbox_tests::pgm_2_birp_cat: Timed out. (10.00s)
[====] Running 10 tests from invalid_args_tests:
[RUN ] invalid_args_tests::big_zoomIn_error
[PASS] invalid_args_tests::big_zoomIn_error: (0.00s)
[RUN ] invalid_args_tests::big_zoomOut_error
[PASS] invalid_args_tests::big_zoomOut_error: (0.04s)
[RUN ] invalid_args_tests::comp_trans_combo
[----] tests/validargs_tests.c:153: Assertion failed: Invalid return for valid args. Got: 0 | Expected: -1
[FAIL] invalid_args_tests::comp_trans_combo: (0.00s)
[RUN ] invalid_args_tests::input_rotation_error
[----] tests/validargs_tests.c:222: Assertion failed: Invalid Global options. Got 0x21 | Expected 0x0
[FAIL] invalid_args_tests::input_rotation_error: (0.04s)
[RUN ] invalid_args_tests::input_rotation_test
[----] tests/validargs_tests.c:209: Assertion failed: Invalid return for valid args. Got: -1 | Expected: 0
[FAIL] invalid_args_tests::input_rotation_test: (0.00s)
[RUN ] invalid_args_tests::negative_zoomIn_error
[PASS] invalid_args_tests::negative_zoomIn_error: (0.00s)
[RUN ] invalid_args_tests::negative_zoomOut_error
[PASS] invalid_args_tests::negative_zoomOut_error: (0.00s)
[RUN ] invalid_args_tests::out_of_order
[PASS] invalid_args_tests::out_of_order: (0.03s)
[RUN ] invalid_args_tests::transform_check
[----] tests/validargs_tests.c:232: Assertion failed: Invalid return for valid args. Got: -1 | Expected: 0
[FAIL] invalid_args_tests::transform_check: (0.00s)
[RUN ] invalid_args_tests::transform_error
[----] tests/validargs_tests.c:246: Assertion failed: Invalid Global options. Got 0x32 | Expected 0x0
[FAIL] invalid_args_tests::transform_error: (0.00s)
[====] Running 10 tests from unit_test_suite:
[RUN ] unit_test_suite::bdd_apply_test
[PASS] unit_test_suite::bdd_apply_test: (0.00s)
[RUN ] unit_test_suite::bdd_lookup_hash_stress
[FAIL] unit_test_suite::bdd_lookup_hash_stress: Timed out. (10.04s)
[RUN ] unit_test_suite::bdd_lookup_retrieval
[PASS] unit_test_suite::bdd_lookup_retrieval: (0.00s)
[RUN ] unit_test_suite::bdd_lookup_skip
[PASS] unit_test_suite::bdd_lookup_skip: (0.00s)
[RUN ] unit_test_suite::bdd_map_contrast_test
[PASS] unit_test_suite::bdd_map_contrast_test: (0.84s)
[RUN ] unit_test_suite::bdd_raster_test
[PASS] unit_test_suite::bdd_raster_test: (0.14s)
[RUN ] unit_test_suite::bdd_rotate_360_test
[PASS] unit_test_suite::bdd_rotate_360_test: (0.75s)
[RUN ] unit_test_suite::bdd_serialize
[PASS] unit_test_suite::bdd_serialize: (0.04s)
[RUN ] unit_test_suite::bdd_serialize_twice
cmp: EOF on test_output/serialize.2.birp which is empty
[----] tests/bdd_unit_tests.c:259: Assertion failed: bdd_serialize did not produce the same file between two calls
[FAIL] unit_test_suite::bdd_serialize_twice: (0.01s)
[RUN ] unit_test_suite::zoom_in_out_test
[FAIL] unit_test_suite::zoom_in_out_test: Timed out. (15.74s)
[====] Running 11 tests from validargs_tests_suite:
[RUN ] validargs_tests_suite::help_system_test
[PASS] validargs_tests_suite::help_system_test: (0.00s)
[RUN ] validargs_tests_suite::valid_args_ignore_flags_test
[PASS] validargs_tests_suite::valid_args_ignore_flags_test: (0.00s)
[RUN ] validargs_tests_suite::valid_args_incorrect_order_test
[PASS] validargs_tests_suite::valid_args_incorrect_order_test: (0.00s)
[RUN ] validargs_tests_suite::valid_args_no_parameter_test
[PASS] validargs_tests_suite::valid_args_no_parameter_test: (0.00s)
[RUN ] validargs_tests_suite::valid_args_threshold_bounds_test
[PASS] validargs_tests_suite::valid_args_threshold_bounds_test: (0.00s)
[RUN ] validargs_tests_suite::valid_args_zoom_out_test
[PASS] validargs_tests_suite::valid_args_zoom_out_test: (0.00s)
[RUN ] validargs_tests_suite::validargs_error_test
[PASS] validargs_tests_suite::validargs_error_test: (0.00s)
[RUN ] validargs_tests_suite::validargs_help_test
[PASS] validargs_tests_suite::validargs_help_test: (0.00s)
[RUN ] validargs_tests_suite::validargs_input_test
[PASS] validargs_tests_suite::validargs_input_test: (0.00s)
[RUN ] validargs_tests_suite::validargs_output_test
[PASS] validargs_tests_suite::validargs_output_test: (0.00s)
[RUN ] validargs_tests_suite::validargs_transform_test
[PASS] validargs_tests_suite::validargs_transform_test: (0.00s)
[----] Writing xml report in `crit.xml`.
[====] Synthesis: Tested: 53 | Passing: 44 | Failing: 9 | Crashing: 0 
